<?xml version="1.0" encoding="UTF-8"?>
<!-- Generated by org.testng.reporters.JUnitXMLReporter -->
<testsuite hostname="IDI" ignored="0" name="TestNG" tests="3" failures="0" timestamp="2020-11-16T16:26:22 CET" time="1.905" errors="0">
  <testcase name="@BeforeMethod launchDriver" time="1.839" classname="com.AutomationExample.demoProject1.TestClass">
    <failure type="org.openqa.selenium.InvalidArgumentException" message="invalid argument: entry 0 of &amp;apos;firstMatch&amp;apos; is invalid
from invalid argument: cannot parse capability: browserName
from invalid argument: must be a string
Build info: version: &amp;apos;3.4.0&amp;apos;, revision: &amp;apos;unknown&amp;apos;, time: &amp;apos;unknown&amp;apos;
System info: host: &amp;apos;IDI&amp;apos;, ip: &amp;apos;192.168.113.1&amp;apos;, os.name: &amp;apos;Windows 10&amp;apos;, os.arch: &amp;apos;amd64&amp;apos;, os.version: &amp;apos;10.0&amp;apos;, java.version: &amp;apos;1.8.0_261&amp;apos;
Driver info: driver.version: ChromeDriver
remote stacktrace: Backtrace:
	Ordinal0 [0x00ECC013+3194899]
	Ordinal0 [0x00DB6021+2056225]
	Ordinal0 [0x00C4F608+587272]
	Ordinal0 [0x00BC674A+26442]
	Ordinal0 [0x00BCA4E7+42215]
	Ordinal0 [0x00BC619E+24990]
	Ordinal0 [0x00BF1270+201328]
	Ordinal0 [0x00BF0E98+200344]
	Ordinal0 [0x00BF1DA7+204199]
	Ordinal0 [0x00BF1D0D+204045]
	Ordinal0 [0x00BEFC1B+195611]
	Ordinal0 [0x00BD3B7F+80767]
	Ordinal0 [0x00BD4B4E+84814]
	Ordinal0 [0x00BD4AD9+84697]
	Ordinal0 [0x00DCCE64+2149988]
	GetHandleVerifier [0x0103BE95+1400773]
	GetHandleVerifier [0x0103BB61+1399953]
	GetHandleVerifier [0x010431FA+1430314]
	GetHandleVerifier [0x0103C69F+1402831]
	Ordinal0 [0x00DC3D61+2112865]
	Ordinal0 [0x00DCE5CB+2155979]
	Ordinal0 [0x00DCE6F5+2156277]
	Ordinal0 [0x00DDF26E+2224750]
	BaseThreadInitThunk [0x75036359+25]
	RtlGetAppContainerNamedObjectPath [0x771C8944+228]
	RtlGetAppContainerNamedObjectPath [0x771C8914+180]
">
      <![CDATA[org.openqa.selenium.InvalidArgumentException: invalid argument: entry 0 of 'firstMatch' is invalid
from invalid argument: cannot parse capability: browserName
from invalid argument: must be a string
Build info: version: '3.4.0', revision: 'unknown', time: 'unknown'
System info: host: 'IDI', ip: '192.168.113.1', os.name: 'Windows 10', os.arch: 'amd64', os.version: '10.0', java.version: '1.8.0_261'
Driver info: driver.version: ChromeDriver
remote stacktrace: Backtrace:
Ordinal0 [0x00ECC013+3194899]
Ordinal0 [0x00DB6021+2056225]
Ordinal0 [0x00C4F608+587272]
Ordinal0 [0x00BC674A+26442]
Ordinal0 [0x00BCA4E7+42215]
Ordinal0 [0x00BC619E+24990]
Ordinal0 [0x00BF1270+201328]
Ordinal0 [0x00BF0E98+200344]
Ordinal0 [0x00BF1DA7+204199]
Ordinal0 [0x00BF1D0D+204045]
Ordinal0 [0x00BEFC1B+195611]
Ordinal0 [0x00BD3B7F+80767]
Ordinal0 [0x00BD4B4E+84814]
Ordinal0 [0x00BD4AD9+84697]
Ordinal0 [0x00DCCE64+2149988]
GetHandleVerifier [0x0103BE95+1400773]
GetHandleVerifier [0x0103BB61+1399953]
GetHandleVerifier [0x010431FA+1430314]
GetHandleVerifier [0x0103C69F+1402831]
Ordinal0 [0x00DC3D61+2112865]
Ordinal0 [0x00DCE5CB+2155979]
Ordinal0 [0x00DCE6F5+2156277]
Ordinal0 [0x00DDF26E+2224750]
BaseThreadInitThunk [0x75036359+25]
RtlGetAppContainerNamedObjectPath [0x771C8944+228]
RtlGetAppContainerNamedObjectPath [0x771C8914+180]

at org.openqa.selenium.remote.W3CHandshakeResponse.lambda$new$0(W3CHandshakeResponse.java:57)
at org.openqa.selenium.remote.W3CHandshakeResponse.lambda$getResponseFunction$2(W3CHandshakeResponse.java:104)
at org.openqa.selenium.remote.ProtocolHandshake.lambda$createSession$22(ProtocolHandshake.java:365)
at java.util.stream.ReferencePipeline$3$1.accept(Unknown Source)
at java.util.Spliterators$ArraySpliterator.tryAdvance(Unknown Source)
at java.util.stream.ReferencePipeline.forEachWithCancel(Unknown Source)
at java.util.stream.AbstractPipeline.copyIntoWithCancel(Unknown Source)
at java.util.stream.AbstractPipeline.copyInto(Unknown Source)
at java.util.stream.AbstractPipeline.wrapAndCopyInto(Unknown Source)
at java.util.stream.FindOps$FindOp.evaluateSequential(Unknown Source)
at java.util.stream.AbstractPipeline.evaluate(Unknown Source)
at java.util.stream.ReferencePipeline.findFirst(Unknown Source)
at org.openqa.selenium.remote.ProtocolHandshake.createSession(ProtocolHandshake.java:368)
at org.openqa.selenium.remote.ProtocolHandshake.createSession(ProtocolHandshake.java:159)
at org.openqa.selenium.remote.HttpCommandExecutor.execute(HttpCommandExecutor.java:142)
at org.openqa.selenium.remote.service.DriverCommandExecutor.execute(DriverCommandExecutor.java:82)
at org.openqa.selenium.remote.RemoteWebDriver.execute(RemoteWebDriver.java:637)
at org.openqa.selenium.remote.RemoteWebDriver.startSession(RemoteWebDriver.java:250)
at org.openqa.selenium.remote.RemoteWebDriver.startSession(RemoteWebDriver.java:236)
at org.openqa.selenium.remote.RemoteWebDriver.<init>(RemoteWebDriver.java:137)
at org.openqa.selenium.chrome.ChromeDriver.<init>(ChromeDriver.java:184)
at org.openqa.selenium.chrome.ChromeDriver.<init>(ChromeDriver.java:171)
at org.openqa.selenium.chrome.ChromeDriver.<init>(ChromeDriver.java:124)
at com.AutomationExample.demoProject1.TestClass.launchDriver(TestClass.java:23)
at java.util.ArrayList.forEach(Unknown Source)
... Removed 35 stack frames]]>
    </failure>
  </testcase> <!-- @BeforeMethod launchDriver -->
  <testcase name="@AfterMethod quit" time="-1.605540382476E9" classname="com.AutomationExample.demoProject1.TestClass">
    <skipped/>
  </testcase> <!-- @AfterMethod quit -->
  <testcase name="@BeforeMethod launchDriver" time="-1.605540382478E9" classname="com.AutomationExample.demoProject1.TestClass">
    <skipped/>
  </testcase> <!-- @BeforeMethod launchDriver -->
  <testcase name="@AfterMethod quit" time="-1.605540382483E9" classname="com.AutomationExample.demoProject1.TestClass">
    <skipped/>
  </testcase> <!-- @AfterMethod quit -->
  <testcase name="@BeforeMethod launchDriver" time="-1.605540382485E9" classname="com.AutomationExample.demoProject1.TestClass">
    <skipped/>
  </testcase> <!-- @BeforeMethod launchDriver -->
  <testcase name="@AfterMethod quit" time="-1.605540382492E9" classname="com.AutomationExample.demoProject1.TestClass">
    <skipped/>
  </testcase> <!-- @AfterMethod quit -->
  <testcase name="Test1" time="0.0" classname="com.AutomationExample.demoProject1.TestClass">
    <skipped/>
  </testcase> <!-- Test1 -->
  <testcase name="Test2" time="0.0" classname="com.AutomationExample.demoProject1.TestClass">
    <skipped/>
  </testcase> <!-- Test2 -->
  <testcase name="Test3" time="0.0" classname="com.AutomationExample.demoProject1.TestClass">
    <skipped/>
  </testcase> <!-- Test3 -->
</testsuite> <!-- TestNG -->
